nohup: ignoring input

============================================================
Dataset generation: J=1.0, L=32, Tc=2.2692
Temperatures: 99 points in [1.000, 3.500]
Samples/T: 500
Output: data/raw/J1_L32_snapshots.h5
============================================================

[  1/99] T=1.000  therm=OK   tau=  0.6  spacing=  2  m=0.999  chi=0.00  [1.7s]
[  2/99] T=1.050  therm=OK   tau=  0.6  spacing=  2  m=0.999  chi=0.00  [1.1s]
[  3/99] T=1.100  therm=OK   tau=  0.6  spacing=  2  m=0.998  chi=0.00  [1.1s]
[  4/99] T=1.150  therm=OK   tau=  0.5  spacing=  2  m=0.998  chi=0.00  [1.2s]
[  5/99] T=1.200  therm=OK   tau=  0.7  spacing=  2  m=0.997  chi=0.01  [1.0s]
[  6/99] T=1.250  therm=OK   tau=  0.6  spacing=  2  m=0.996  chi=0.01  [0.7s]
[  7/99] T=1.300  therm=OK   tau=  0.7  spacing=  2  m=0.995  chi=0.01  [0.6s]
[  8/99] T=1.350  therm=OK   tau=  0.6  spacing=  2  m=0.993  chi=0.02  [0.6s]
[  9/99] T=1.400  therm=OK   tau=  0.7  spacing=  2  m=0.991  chi=0.01  [0.6s]
[ 10/99] T=1.450  therm=OK   tau=  0.8  spacing=  2  m=0.989  chi=0.02  [0.6s]
[ 11/99] T=1.500  therm=OK   tau=  0.7  spacing=  2  m=0.986  chi=0.03  [0.7s]
[ 12/99] T=1.550  therm=OK   tau=  0.8  spacing=  2  m=0.983  chi=0.03  [0.6s]
[ 13/99] T=1.600  therm=OK   tau=  0.9  spacing=  2  m=0.980  chi=0.05  [0.6s]
[ 14/99] T=1.650  therm=OK   tau=  1.0  spacing=  3  m=0.975  chi=0.05  [0.6s]
[ 15/99] T=1.700  therm=OK   tau=  1.1  spacing=  3  m=0.970  chi=0.07  [0.6s]
[ 16/99] T=1.750  therm=OK   tau=  1.1  spacing=  3  m=0.964  chi=0.09  [0.6s]
[ 17/99] T=1.800  therm=OK   tau=  1.3  spacing=  3  m=0.957  chi=0.11  [0.6s]
[ 18/99] T=1.850  therm=OK   tau=  1.2  spacing=  3  m=0.947  chi=0.16  [0.6s]
[ 19/99] T=1.900  therm=OK   tau=  1.7  spacing=  4  m=0.938  chi=0.25  [0.7s]
[ 20/99] T=1.950  therm=OK   tau=  1.9  spacing=  4  m=0.924  chi=0.30  [0.7s]
[ 21/99] T=2.000  therm=OK   tau=  3.2  spacing=  7  m=0.912  chi=0.34  [0.7s]
[ 22/99] T=2.010  therm=OK   tau=  2.9  spacing=  6  m=0.910  chi=0.39  [0.7s]
[ 23/99] T=2.020  therm=OK   tau=  3.7  spacing=  8  m=0.902  chi=0.55  [0.8s]
[ 24/99] T=2.030  therm=OK   tau=  2.5  spacing=  5  m=0.901  chi=0.47  [0.7s]
[ 25/99] T=2.040  therm=OK   tau=  2.5  spacing=  5  m=0.897  chi=0.62  [0.7s]
[ 26/99] T=2.050  therm=OK   tau=  2.9  spacing=  6  m=0.892  chi=0.60  [0.7s]
[ 27/99] T=2.060  therm=OK   tau=  4.7  spacing= 10  m=0.888  chi=0.66  [0.7s]
[ 28/99] T=2.070  therm=OK   tau=  3.8  spacing=  8  m=0.883  chi=0.61  [0.7s]
[ 29/99] T=2.080  therm=OK   tau=  6.4  spacing= 13  m=0.880  chi=0.65  [0.8s]
[ 30/99] T=2.090  therm=OK   tau=  4.0  spacing=  8  m=0.874  chi=0.87  [0.7s]
[ 31/99] T=2.100  therm=OK   tau=  4.4  spacing=  9  m=0.872  chi=0.69  [0.8s]
[ 32/99] T=2.110  therm=OK   tau=  7.8  spacing= 16  m=0.863  chi=1.13  [0.9s]
[ 33/99] T=2.120  therm=OK   tau=  7.5  spacing= 16  m=0.861  chi=1.07  [0.9s]
[ 34/99] T=2.130  therm=OK   tau=  5.3  spacing= 11  m=0.844  chi=1.55  [0.8s]
[ 35/99] T=2.140  therm=OK   tau=  9.8  spacing= 20  m=0.836  chi=2.44  [0.9s]
[ 36/99] T=2.150  therm=OK   tau= 26.9  spacing= 54  m=0.829  chi=3.70  [1.4s]
[ 37/99] T=2.160  therm=OK   tau=  5.3  spacing= 11  m=0.832  chi=1.50  [1.1s]
[ 38/99] T=2.170  therm=OK   tau=  9.5  spacing= 19  m=0.812  chi=4.76  [0.9s]
[ 39/99] T=2.180  therm=OK   tau= 15.7  spacing= 32  m=0.804  chi=2.79  [1.0s]
[ 40/99] T=2.190  therm=OK   tau=  8.1  spacing= 17  m=0.799  chi=3.78  [1.3s]
[ 41/99] T=2.200  therm=OK   tau= 15.4  spacing= 31  m=0.771  chi=6.55  [1.6s]
[ 42/99] T=2.210  therm=OK   tau=  8.9  spacing= 18  m=0.785  chi=3.09  [1.7s]
[ 43/99] T=2.220  therm=OK   tau= 39.5  spacing= 79  m=0.751  chi=6.83  [2.6s]
[ 44/99] T=2.230  therm=OK   tau= 28.8  spacing= 58  m=0.731  chi=8.66  [1.4s]
[ 45/99] T=2.240  therm=MAX  tau= 85.1  spacing=171  m=0.718  chi=8.29  [4.2s]
[ 46/99] T=2.250  therm=MAX  tau= 25.4  spacing= 51  m=0.705  chi=10.25  [2.6s]
[ 47/99] T=2.260  therm=OK   tau= 48.9  spacing= 98  m=0.680  chi=11.90  [2.8s]
[ 48/99] T=2.270  therm=MAX  tau= 53.5  spacing=107  m=0.648  chi=15.07  [3.4s]
[ 49/99] T=2.280  therm=MAX  tau= 25.5  spacing= 51  m=0.624  chi=15.18  [2.8s]
[ 50/99] T=2.290  therm=MAX  tau= 35.4  spacing= 71  m=0.601  chi=17.13  [3.0s]
[ 51/99] T=2.300  therm=MAX  tau= 43.0  spacing= 86  m=0.569  chi=19.71  [3.2s]
[ 52/99] T=2.310  therm=MAX  tau= 25.0  spacing= 50  m=0.545  chi=19.75  [2.7s]
[ 53/99] T=2.320  therm=MAX  tau= 57.5  spacing=116  m=0.514  chi=20.74  [3.5s]
[ 54/99] T=2.330  therm=MAX  tau= 20.1  spacing= 41  m=0.457  chi=21.66  [2.6s]
[ 55/99] T=2.340  therm=MAX  tau= 37.4  spacing= 75  m=0.441  chi=19.94  [3.1s]
[ 56/99] T=2.350  therm=MAX  tau= 42.6  spacing= 86  m=0.431  chi=19.67  [3.2s]
[ 57/99] T=2.360  therm=MAX  tau= 30.2  spacing= 61  m=0.406  chi=20.63  [2.9s]
[ 58/99] T=2.370  therm=MAX  tau= 22.2  spacing= 45  m=0.374  chi=18.91  [2.7s]
[ 59/99] T=2.380  therm=MAX  tau= 24.1  spacing= 49  m=0.387  chi=18.66  [2.8s]
[ 60/99] T=2.390  therm=MAX  tau= 19.7  spacing= 40  m=0.351  chi=17.11  [2.6s]
[ 61/99] T=2.400  therm=MAX  tau= 22.8  spacing= 46  m=0.324  chi=15.76  [2.6s]
[ 62/99] T=2.410  therm=MAX  tau= 19.5  spacing= 39  m=0.286  chi=13.85  [2.6s]
[ 63/99] T=2.420  therm=MAX  tau= 13.5  spacing= 28  m=0.286  chi=15.25  [2.5s]
[ 64/99] T=2.430  therm=MAX  tau= 13.5  spacing= 27  m=0.275  chi=12.60  [2.4s]
[ 65/99] T=2.440  therm=MAX  tau= 13.3  spacing= 27  m=0.258  chi=12.46  [2.4s]
[ 66/99] T=2.450  therm=OK   tau= 24.6  spacing= 50  m=0.230  chi=10.57  [2.1s]
[ 67/99] T=2.460  therm=MAX  tau= 20.8  spacing= 42  m=0.225  chi=10.58  [2.7s]
[ 68/99] T=2.470  therm=MAX  tau= 17.5  spacing= 35  m=0.225  chi=9.21  [2.7s]
[ 69/99] T=2.480  therm=OK   tau= 11.8  spacing= 24  m=0.214  chi=9.13  [1.8s]
[ 70/99] T=2.490  therm=OK   tau= 12.0  spacing= 25  m=0.220  chi=8.85  [1.2s]
[ 71/99] T=2.500  therm=OK   tau=  8.6  spacing= 18  m=0.212  chi=9.08  [1.8s]
[ 72/99] T=2.510  therm=OK   tau= 11.8  spacing= 24  m=0.193  chi=7.57  [2.1s]
[ 73/99] T=2.520  therm=MAX  tau=  7.2  spacing= 15  m=0.180  chi=6.47  [2.4s]
[ 74/99] T=2.530  therm=OK   tau=  7.2  spacing= 15  m=0.180  chi=6.06  [1.1s]
[ 75/99] T=2.540  therm=OK   tau=  6.8  spacing= 14  m=0.184  chi=6.33  [2.2s]
[ 76/99] T=2.550  therm=OK   tau=  8.4  spacing= 17  m=0.178  chi=6.39  [1.0s]
[ 77/99] T=2.560  therm=OK   tau=  7.1  spacing= 15  m=0.168  chi=5.99  [2.1s]
[ 78/99] T=2.570  therm=MAX  tau=  6.2  spacing= 13  m=0.156  chi=5.60  [1.1s]
[ 79/99] T=2.580  therm=MAX  tau=  5.6  spacing= 12  m=0.149  chi=4.99  [1.1s]
[ 80/99] T=2.590  therm=MAX  tau=  5.9  spacing= 12  m=0.162  chi=5.31  [1.0s]
[ 81/99] T=2.600  therm=MAX  tau=  4.5  spacing=  9  m=0.143  chi=4.23  [1.0s]
[ 82/99] T=2.650  therm=OK   tau=  5.6  spacing= 12  m=0.139  chi=4.41  [0.9s]
[ 83/99] T=2.700  therm=MAX  tau=  3.9  spacing=  8  m=0.124  chi=2.86  [1.0s]
[ 84/99] T=2.750  therm=OK   tau=  2.7  spacing=  6  m=0.125  chi=3.02  [1.0s]
[ 85/99] T=2.800  therm=OK   tau=  2.8  spacing=  6  m=0.104  chi=2.22  [0.7s]
[ 86/99] T=2.850  therm=OK   tau=  2.5  spacing=  5  m=0.095  chi=1.69  [0.8s]
[ 87/99] T=2.900  therm=OK   tau=  1.9  spacing=  4  m=0.094  chi=1.63  [0.8s]
[ 88/99] T=2.950  therm=OK   tau=  2.3  spacing=  5  m=0.085  chi=1.42  [0.8s]
[ 89/99] T=3.000  therm=OK   tau=  1.6  spacing=  4  m=0.082  chi=1.25  [0.8s]
[ 90/99] T=3.050  therm=OK   tau=  1.7  spacing=  4  m=0.087  chi=1.28  [0.8s]
[ 91/99] T=3.100  therm=OK   tau=  1.5  spacing=  3  m=0.075  chi=1.06  [0.8s]
[ 92/99] T=3.150  therm=OK   tau=  1.3  spacing=  3  m=0.071  chi=0.99  [0.7s]
[ 93/99] T=3.200  therm=OK   tau=  1.2  spacing=  3  m=0.074  chi=0.97  [0.8s]
[ 94/99] T=3.250  therm=OK   tau=  1.2  spacing=  3  m=0.070  chi=0.99  [0.7s]
[ 95/99] T=3.300  therm=OK   tau=  1.2  spacing=  3  m=0.070  chi=0.90  [0.8s]
[ 96/99] T=3.350  therm=OK   tau=  1.1  spacing=  3  m=0.065  chi=0.71  [0.8s]
[ 97/99] T=3.400  therm=OK   tau=  1.1  spacing=  3  m=0.066  chi=0.72  [0.7s]
[ 98/99] T=3.450  therm=OK   tau=  1.0  spacing=  3  m=0.065  chi=0.69  [0.8s]
[ 99/99] T=3.500  therm=OK   tau=  1.0  spacing=  2  m=0.063  chi=0.63  [0.7s]

Done. 49500 configs saved to data/raw/J1_L32_snapshots.h5
Total time: 2.4 min
